2026-04-05 18:43:42,874 [ERROR] ❌ Variáveis de ambiente faltando: AMAZON_ACCESS_KEY, AMAZON_SECRET_KEY, TELEGRAM_BOT_TOKEN, TELEGRAM_CHAT_ID, GEMINI_API_KEY, BUFFER_ACCESS_TOKEN
Verifique o arquivo .env
2026-04-05 18:48:18,248 [ERROR] ❌ Variáveis de ambiente faltando: AMAZON_ACCESS_KEY, AMAZON_SECRET_KEY, TELEGRAM_BOT_TOKEN, TELEGRAM_CHAT_ID, GEMINI_API_KEY, BUFFER_ACCESS_TOKEN
Verifique o arquivo .env
2026-04-05 19:04:24,730 [INFO] ▶️  Modo: execução única (teste)
2026-04-05 19:04:24,734 [INFO] ============================================================
2026-04-05 19:04:24,735 [INFO] 🚀 Iniciando pipeline...
2026-04-05 19:04:24,735 [INFO] ============================================================
2026-04-05 19:04:36,782 [WARNING] ⛔ Pipeline encerrado: nenhum produto disponível.
2026-04-05 20:33:50,765 [INFO] ▶️  Modo: execução única (teste)
2026-04-05 20:33:50,766 [INFO] ============================================================
2026-04-05 20:33:50,766 [INFO] 🚀 Iniciando pipeline...
2026-04-05 20:33:50,767 [INFO] ============================================================
2026-04-05 20:34:01,032 [WARNING] ⛔ Pipeline encerrado: nenhum produto disponível.
2026-04-05 20:49:54,476 [INFO] ▶️  Modo: execução única (teste)
2026-04-05 20:49:54,521 [INFO] ============================================================
2026-04-05 20:49:54,525 [INFO] 🚀 Iniciando pipeline...
2026-04-05 20:49:54,525 [INFO] ============================================================
2026-04-05 20:50:16,430 [WARNING] ⛔ Pipeline encerrado: nenhum produto disponível.
2026-04-05 22:10:06,464 [ERROR] ❌ Variáveis de ambiente faltando: AMAZON_CREATORS_CREDENTIAL_ID, AMAZON_CREATORS_CREDENTIAL_SECRET
Verifique o arquivo .env
2026-04-08 12:24:15,436 [ERROR] ❌ Variáveis de ambiente faltando: AMAZON_CREATORS_CREDENTIAL_ID, AMAZON_CREATORS_CREDENTIAL_SECRET
Verifique o arquivo .env
2026-04-08 12:47:20,992 [INFO] ▶️  Modo: execução única (teste)
2026-04-08 12:47:20,995 [INFO] ============================================================
2026-04-08 12:47:20,996 [INFO] 🚀 Iniciando pipeline...
2026-04-08 12:47:20,997 [INFO] ============================================================
2026-04-08 12:47:25,028 [WARNING] ⛔ Pipeline encerrado: nenhum produto disponível.
2026-04-08 12:49:58,093 [INFO] ▶️  Modo: execução única (teste)
2026-04-08 12:49:58,094 [INFO] ============================================================
2026-04-08 12:49:58,095 [INFO] 🚀 Iniciando pipeline...
2026-04-08 12:49:58,095 [INFO] ============================================================
2026-04-08 12:50:02,125 [WARNING] ⛔ Pipeline encerrado: nenhum produto disponível.
2026-04-08 12:55:42,883 [INFO] ▶️  Modo: execução única (teste)
2026-04-08 12:55:42,884 [INFO] ============================================================
2026-04-08 12:55:42,885 [INFO] 🚀 Iniciando pipeline...
2026-04-08 12:55:42,885 [INFO] ============================================================
2026-04-08 12:55:46,901 [WARNING] ⛔ Pipeline encerrado: nenhum produto disponível.
2026-04-08 13:02:39,685 [INFO] ▶️  Modo: execução única (teste)
2026-04-08 13:02:39,686 [INFO] ============================================================
2026-04-08 13:02:39,687 [INFO] 🚀 Iniciando pipeline...
2026-04-08 13:02:39,688 [INFO] ============================================================
2026-04-08 13:02:45,551 [WARNING] ⛔ Pipeline encerrado: nenhum produto disponível.
2026-04-08 13:32:29,747 [INFO] ▶️  Modo: execução única (teste)
2026-04-08 13:32:29,748 [INFO] ============================================================
2026-04-08 13:32:29,748 [INFO] 🚀 Iniciando pipeline...
2026-04-08 13:32:29,749 [INFO] ============================================================
2026-04-08 13:32:35,555 [WARNING] ⛔ Pipeline encerrado: nenhum produto disponível.
2026-04-09 12:27:51,456 [INFO] ▶️  Modo: execução única (teste)
2026-04-09 12:27:51,458 [INFO] ============================================================
2026-04-09 12:27:51,458 [INFO] 🚀 Iniciando pipeline...
2026-04-09 12:27:51,459 [INFO] ============================================================
2026-04-09 12:27:59,479 [WARNING] ⛔ Pipeline encerrado: nenhum produto disponível.
2026-04-09 12:32:11,426 [INFO] ▶️  Modo: execução única (teste)
2026-04-09 12:32:11,430 [INFO] ============================================================
2026-04-09 12:32:11,431 [INFO] 🚀 Iniciando pipeline...
2026-04-09 12:32:11,433 [INFO] ============================================================
2026-04-09 12:32:17,260 [WARNING] ⛔ Pipeline encerrado: nenhum produto disponível.
2026-04-09 12:40:19,795 [INFO] ▶️  Modo: execução única (teste)
2026-04-09 12:40:19,797 [INFO] ============================================================
2026-04-09 12:40:19,797 [INFO] 🚀 Iniciando pipeline...
2026-04-09 12:40:19,798 [INFO] ============================================================
2026-04-09 12:40:26,377 [WARNING] ⛔ Pipeline encerrado: nenhum produto disponível.
